Determining if the pthread_create exist failed with the following output:
Change Dir: /home/pi/Documents/Teste2/GIMu2.0/SOMcode/build/CMakeFiles/CMakeTmp

Run Build Command:"/usr/bin/make" "cmTryCompileExec3550047738/fast"
/usr/bin/make -f CMakeFiles/cmTryCompileExec3550047738.dir/build.make CMakeFiles/cmTryCompileExec3550047738.dir/build
make[1]: Entering directory '/home/pi/Documents/Teste2/GIMu2.0/SOMcode/build/CMakeFiles/CMakeTmp'
/usr/bin/cmake -E cmake_progress_report /home/pi/Documents/Teste2/GIMu2.0/SOMcode/build/CMakeFiles/CMakeTmp/CMakeFiles 1
Building C object CMakeFiles/cmTryCompileExec3550047738.dir/CheckSymbolExists.c.o
/usr/bin/cc    -o CMakeFiles/cmTryCompileExec3550047738.dir/CheckSymbolExists.c.o   -c /home/pi/Documents/Teste2/GIMu2.0/SOMcode/build/CMakeFiles/CMakeTmp/CheckSymbolExists.c
Linking C executable cmTryCompileExec3550047738
/usr/bin/cmake -E cmake_link_script CMakeFiles/cmTryCompileExec3550047738.dir/link.txt --verbose=1
/usr/bin/cc       CMakeFiles/cmTryCompileExec3550047738.dir/CheckSymbolExists.c.o  -o cmTryCompileExec3550047738 -rdynamic 
CMakeFiles/cmTryCompileExec3550047738.dir/CheckSymbolExists.c.o: In function `main':
CheckSymbolExists.c:(.text+0x38): undefined reference to `pthread_create'
collect2: error: ld returned 1 exit status
CMakeFiles/cmTryCompileExec3550047738.dir/build.make:88: recipe for target 'cmTryCompileExec3550047738' failed
make[1]: *** [cmTryCompileExec3550047738] Error 1
make[1]: Leaving directory '/home/pi/Documents/Teste2/GIMu2.0/SOMcode/build/CMakeFiles/CMakeTmp'
Makefile:118: recipe for target 'cmTryCompileExec3550047738/fast' failed
make: *** [cmTryCompileExec3550047738/fast] Error 2

File /home/pi/Documents/Teste2/GIMu2.0/SOMcode/build/CMakeFiles/CMakeTmp/CheckSymbolExists.c:
/* */
#include <pthread.h>

int main(int argc, char** argv)
{
  (void)argv;
#ifndef pthread_create
  return ((int*)(&pthread_create))[argc];
#else
  (void)argc;
  return 0;
#endif
}

Determining if the function pthread_create exists in the pthreads failed with the following output:
Change Dir: /home/pi/Documents/Teste2/GIMu2.0/SOMcode/build/CMakeFiles/CMakeTmp

Run Build Command:"/usr/bin/make" "cmTryCompileExec788335185/fast"
/usr/bin/make -f CMakeFiles/cmTryCompileExec788335185.dir/build.make CMakeFiles/cmTryCompileExec788335185.dir/build
make[1]: Entering directory '/home/pi/Documents/Teste2/GIMu2.0/SOMcode/build/CMakeFiles/CMakeTmp'
/usr/bin/cmake -E cmake_progress_report /home/pi/Documents/Teste2/GIMu2.0/SOMcode/build/CMakeFiles/CMakeTmp/CMakeFiles 1
Building C object CMakeFiles/cmTryCompileExec788335185.dir/CheckFunctionExists.c.o
/usr/bin/cc   -DCHECK_FUNCTION_EXISTS=pthread_create   -o CMakeFiles/cmTryCompileExec788335185.dir/CheckFunctionExists.c.o   -c /usr/share/cmake-3.0/Modules/CheckFunctionExists.c
Linking C executable cmTryCompileExec788335185
/usr/bin/cmake -E cmake_link_script CMakeFiles/cmTryCompileExec788335185.dir/link.txt --verbose=1
/usr/bin/cc   -DCHECK_FUNCTION_EXISTS=pthread_create    CMakeFiles/cmTryCompileExec788335185.dir/CheckFunctionExists.c.o  -o cmTryCompileExec788335185 -rdynamic -lpthreads 
/usr/bin/ld: cannot find -lpthreads
collect2: error: ld returned 1 exit status
CMakeFiles/cmTryCompileExec788335185.dir/build.make:88: recipe for target 'cmTryCompileExec788335185' failed
make[1]: *** [cmTryCompileExec788335185] Error 1
make[1]: Leaving directory '/home/pi/Documents/Teste2/GIMu2.0/SOMcode/build/CMakeFiles/CMakeTmp'
Makefile:118: recipe for target 'cmTryCompileExec788335185/fast' failed
make: *** [cmTryCompileExec788335185/fast] Error 2


